<?xml version="1.0" encoding="UTF-8"?>
<!-- Generated by org.testng.reporters.JUnitReportReporter -->
<testsuite hostname="ApoorvaSharmas-MacBook-Pro.local" failures="0" tests="1" name="testNG.TestNGStartUp" time="0.035" errors="0" timestamp="13 Apr 2018 18:51:33 GMT" skipped="0">
  <testcase classname="testNG.TestNGStartUp" name="testNG" time="0.035"/>
</testsuite> <!-- testNG.TestNGStartUp -->
