<?xml version="1.0" encoding="UTF-8"?>
<!-- Generated by org.testng.reporters.JUnitReportReporter -->
<testsuite hostname="ApoorvaSharmas-MacBook-Pro.local" failures="0" tests="1" name="testNG.TestNGBasic" time="0.022" errors="0" timestamp="10 Apr 2018 23:35:47 GMT" skipped="0">
  <testcase classname="testNG.TestNGBasic" name="testNG" time="0.022"/>
</testsuite> <!-- testNG.TestNGBasic -->
